# JRE version: OpenJDK Runtime Environment Temurin-17.0.7+7 (17.0.7+7) (build 17.0.7+7)
# Java VM: OpenJDK 64-Bit Server VM Temurin-17.0.7+7 (17.0.7+7, mixed mode, sharing, tiered, compressed oops, compressed class ptrs, parallel gc, windows-amd64)
GC Precious Log:
 CPUs: 12 total, 12 available
 Memory: 16328M
 Large Page Support: Disabled
 NUMA Support: Disabled
 Compressed Oops: Enabled (32-bit)
 Alignments: Space 512K, Generation 512K, Heap 2M
 Heap Min Capacity: 100M
 Heap Initial Capacity: 100M
 Heap Max Capacity: 1G
 Pre-touch: Disabled
 Parallel Workers: 10
Heap:
 PSYoungGen      total 5632K, used 5184K [0x00000000eab00000, 0x00000000eb400000, 0x0000000100000000)
  eden space 2560K, 100% used [0x00000000eab00000,0x00000000ead80000,0x00000000ead80000)
  from space 3072K, 85% used [0x00000000ead80000,0x00000000eb010000,0x00000000eb080000)
  to   space 3072K, 0% used [0x00000000eb100000,0x00000000eb100000,0x00000000eb400000)
 ParOldGen       total 129536K, used 101245K [0x00000000c0000000, 0x00000000c7e80000, 0x00000000eab00000)
  object space 129536K, 78% used [0x00000000c0000000,0x00000000c62df778,0x00000000c7e80000)
 Metaspace       used 91120K, committed 92416K, reserved 1179648K
  class space    used 8968K, committed 9536K, reserved 1048576K
GC Heap History (20 events):
Event: 2947.297 GC heap before
{Heap before GC invocations=8568 (full 255):
 PSYoungGen      total 6144K, used 4928K [0x00000000eab00000, 0x00000000eb280000, 0x0000000100000000)
  eden space 4608K, 100% used [0x00000000eab00000,0x00000000eaf80000,0x00000000eaf80000)
  from space 1536K, 20% used [0x00000000eb000000,0x00000000eb050000,0x00000000eb180000)
  to   space 512K, 0% used [0x00000000eb200000,0x00000000eb200000,0x00000000eb280000)
 ParOldGen       total 122368K, used 111026K [0x00000000c0000000, 0x00000000c7780000, 0x00000000eab00000)
  object space 122368K, 90% used [0x00000000c0000000,0x00000000c6c6c8d0,0x00000000c7780000)
 Metaspace       used 91130K, committed 92416K, reserved 1179648K
  class space    used 8970K, committed 9536K, reserved 1048576K
}
Event: 2947.298 GC heap after
{Heap after GC invocations=8568 (full 255):
 PSYoungGen      total 5120K, used 512K [0x00000000eab00000, 0x00000000eb280000, 0x0000000100000000)
  eden space 4608K, 0% used [0x00000000eab00000,0x00000000eab00000,0x00000000eaf80000)
  from space 512K, 100% used [0x00000000eb200000,0x00000000eb280000,0x00000000eb280000)
  to   space 1024K, 0% used [0x00000000eb080000,0x00000000eb080000,0x00000000eb180000)
 ParOldGen       total 122368K, used 111318K [0x00000000c0000000, 0x00000000c7780000, 0x00000000eab00000)
  object space 122368K, 90% used [0x00000000c0000000,0x00000000c6cb59a0,0x00000000c7780000)
 Metaspace       used 91130K, committed 92416K, reserved 1179648K
  class space    used 8970K, committed 9536K, reserved 1048576K
}
Event: 2947.305 GC heap before
{Heap before GC invocations=8569 (full 255):
 PSYoungGen      total 5120K, used 5120K [0x00000000eab00000, 0x00000000eb280000, 0x0000000100000000)
  eden space 4608K, 100% used [0x00000000eab00000,0x00000000eaf80000,0x00000000eaf80000)
  from space 512K, 100% used [0x00000000eb200000,0x00000000eb280000,0x00000000eb280000)
  to   space 1024K, 0% used [0x00000000eb080000,0x00000000eb080000,0x00000000eb180000)
 ParOldGen       total 122368K, used 111318K [0x00000000c0000000, 0x00000000c7780000, 0x00000000eab00000)
  object space 122368K, 90% used [0x00000000c0000000,0x00000000c6cb59a0,0x00000000c7780000)
 Metaspace       used 91130K, committed 92416K, reserved 1179648K
  class space    used 8970K, committed 9536K, reserved 1048576K
}
Event: 2947.306 GC heap after
{Heap after GC invocations=8569 (full 255):
 PSYoungGen      total 5632K, used 1024K [0x00000000eab00000, 0x00000000eb480000, 0x0000000100000000)
  eden space 4608K, 0% used [0x00000000eab00000,0x00000000eab00000,0x00000000eaf80000)
  from space 1024K, 100% used [0x00000000eb080000,0x00000000eb180000,0x00000000eb180000)
  to   space 2560K, 0% used [0x00000000eb200000,0x00000000eb200000,0x00000000eb480000)
 ParOldGen       total 122368K, used 112280K [0x00000000c0000000, 0x00000000c7780000, 0x00000000eab00000)
  object space 122368K, 91% used [0x00000000c0000000,0x00000000c6da62c0,0x00000000c7780000)
 Metaspace       used 91130K, committed 92416K, reserved 1179648K
  class space    used 8970K, committed 9536K, reserved 1048576K
}
Event: 2947.344 GC heap before
{Heap before GC invocations=8570 (full 255):
 PSYoungGen      total 5632K, used 5631K [0x00000000eab00000, 0x00000000eb480000, 0x0000000100000000)
  eden space 4608K, 99% used [0x00000000eab00000,0x00000000eaf7ffe8,0x00000000eaf80000)
  from space 1024K, 100% used [0x00000000eb080000,0x00000000eb180000,0x00000000eb180000)
  to   space 2560K, 0% used [0x00000000eb200000,0x00000000eb200000,0x00000000eb480000)
 ParOldGen       total 122368K, used 112280K [0x00000000c0000000, 0x00000000c7780000, 0x00000000eab00000)
  object space 122368K, 91% used [0x00000000c0000000,0x00000000c6da62c0,0x00000000c7780000)
 Metaspace       used 91130K, committed 92416K, reserved 1179648K
  class space    used 8970K, committed 9536K, reserved 1048576K
}
Event: 2947.346 GC heap after
{Heap after GC invocations=8570 (full 255):
 PSYoungGen      total 6144K, used 1376K [0x00000000eab00000, 0x00000000eb380000, 0x0000000100000000)
  eden space 4608K, 0% used [0x00000000eab00000,0x00000000eab00000,0x00000000eaf80000)
  from space 1536K, 89% used [0x00000000eb200000,0x00000000eb358000,0x00000000eb380000)
  to   space 2048K, 0% used [0x00000000eaf80000,0x00000000eaf80000,0x00000000eb180000)
 ParOldGen       total 122368K, used 113323K [0x00000000c0000000, 0x00000000c7780000, 0x00000000eab00000)
  object space 122368K, 92% used [0x00000000c0000000,0x00000000c6eaac80,0x00000000c7780000)
 Metaspace       used 91130K, committed 92416K, reserved 1179648K
  class space    used 8970K, committed 9536K, reserved 1048576K
}
Event: 2947.353 GC heap before
{Heap before GC invocations=8571 (full 255):
 PSYoungGen      total 6144K, used 5984K [0x00000000eab00000, 0x00000000eb380000, 0x0000000100000000)
  eden space 4608K, 100% used [0x00000000eab00000,0x00000000eaf80000,0x00000000eaf80000)
  from space 1536K, 89% used [0x00000000eb200000,0x00000000eb358000,0x00000000eb380000)
  to   space 2048K, 0% used [0x00000000eaf80000,0x00000000eaf80000,0x00000000eb180000)
 ParOldGen       total 122368K, used 113323K [0x00000000c0000000, 0x00000000c7780000, 0x00000000eab00000)
  object space 122368K, 92% used [0x00000000c0000000,0x00000000c6eaac80,0x00000000c7780000)
 Metaspace       used 91130K, committed 92416K, reserved 1179648K
  class space    used 8970K, committed 9536K, reserved 1048576K
}
Event: 2947.354 GC heap after
{Heap after GC invocations=8571 (full 255):
 PSYoungGen      total 6656K, used 1568K [0x00000000eab00000, 0x00000000eb380000, 0x0000000100000000)
  eden space 4608K, 0% used [0x00000000eab00000,0x00000000eab00000,0x00000000eaf80000)
  from space 2048K, 76% used [0x00000000eaf80000,0x00000000eb108000,0x00000000eb180000)
  to   space 2048K, 0% used [0x00000000eb180000,0x00000000eb180000,0x00000000eb380000)
 ParOldGen       total 122368K, used 114525K [0x00000000c0000000, 0x00000000c7780000, 0x00000000eab00000)
  object space 122368K, 93% used [0x00000000c0000000,0x00000000c6fd7680,0x00000000c7780000)
 Metaspace       used 91130K, committed 92416K, reserved 1179648K
  class space    used 8970K, committed 9536K, reserved 1048576K
}
Event: 2947.619 GC heap before
{Heap before GC invocations=8572 (full 255):
 PSYoungGen      total 6656K, used 6176K [0x00000000eab00000, 0x00000000eb380000, 0x0000000100000000)
  eden space 4608K, 100% used [0x00000000eab00000,0x00000000eaf80000,0x00000000eaf80000)
  from space 2048K, 76% used [0x00000000eaf80000,0x00000000eb108000,0x00000000eb180000)
  to   space 2048K, 0% used [0x00000000eb180000,0x00000000eb180000,0x00000000eb380000)
 ParOldGen       total 122368K, used 114525K [0x00000000c0000000, 0x00000000c7780000, 0x00000000eab00000)
  object space 122368K, 93% used [0x00000000c0000000,0x00000000c6fd7680,0x00000000c7780000)
 Metaspace       used 91130K, committed 92416K, reserved 1179648K
  class space    used 8970K, committed 9536K, reserved 1048576K
}
Event: 2947.621 GC heap after
{Heap after GC invocations=8572 (full 255):
 PSYoungGen      total 3584K, used 2047K [0x00000000eab00000, 0x00000000eb980000, 0x0000000100000000)
  eden space 1536K, 0% used [0x00000000eab00000,0x00000000eab00000,0x00000000eac80000)
  from space 2048K, 99% used [0x00000000eb180000,0x00000000eb37fd80,0x00000000eb380000)
  to   space 5120K, 0% used [0x00000000eac80000,0x00000000eac80000,0x00000000eb180000)
 ParOldGen       total 122368K, used 116929K [0x00000000c0000000, 0x00000000c7780000, 0x00000000eab00000)
  object space 122368K, 95% used [0x00000000c0000000,0x00000000c72307f0,0x00000000c7780000)
 Metaspace       used 91130K, committed 92416K, reserved 1179648K
  class space    used 8970K, committed 9536K, reserved 1048576K
}
Event: 2947.624 GC heap before
{Heap before GC invocations=8573 (full 255):
 PSYoungGen      total 3584K, used 3583K [0x00000000eab00000, 0x00000000eb980000, 0x0000000100000000)
  eden space 1536K, 99% used [0x00000000eab00000,0x00000000eac7ffb0,0x00000000eac80000)
  from space 2048K, 99% used [0x00000000eb180000,0x00000000eb37fd80,0x00000000eb380000)
  to   space 5120K, 0% used [0x00000000eac80000,0x00000000eac80000,0x00000000eb180000)
 ParOldGen       total 122368K, used 116929K [0x00000000c0000000, 0x00000000c7780000, 0x00000000eab00000)
  object space 122368K, 95% used [0x00000000c0000000,0x00000000c72307f0,0x00000000c7780000)
 Metaspace       used 91130K, committed 92416K, reserved 1179648K
  class space    used 8970K, committed 9536K, reserved 1048576K
}
Event: 2947.625 GC heap after
{Heap after GC invocations=8573 (full 255):
 PSYoungGen      total 3584K, used 1596K [0x00000000eab00000, 0x00000000eb280000, 0x0000000100000000)
  eden space 1536K, 0% used [0x00000000eab00000,0x00000000eab00000,0x00000000eac80000)
  from space 2048K, 77% used [0x00000000eac80000,0x00000000eae0f320,0x00000000eae80000)
  to   space 3072K, 0% used [0x00000000eaf80000,0x00000000eaf80000,0x00000000eb280000)
 ParOldGen       total 122368K, used 119029K [0x00000000c0000000, 0x00000000c7780000, 0x00000000eab00000)
  object space 122368K, 97% used [0x00000000c0000000,0x00000000c743d6a0,0x00000000c7780000)
 Metaspace       used 91130K, committed 92416K, reserved 1179648K
  class space    used 8970K, committed 9536K, reserved 1048576K
}
Event: 2947.628 GC heap before
{Heap before GC invocations=8574 (full 255):
 PSYoungGen      total 3584K, used 3132K [0x00000000eab00000, 0x00000000eb280000, 0x0000000100000000)
  eden space 1536K, 99% used [0x00000000eab00000,0x00000000eac7ff58,0x00000000eac80000)
  from space 2048K, 77% used [0x00000000eac80000,0x00000000eae0f320,0x00000000eae80000)
  to   space 3072K, 0% used [0x00000000eaf80000,0x00000000eaf80000,0x00000000eb280000)
 ParOldGen       total 122368K, used 119029K [0x00000000c0000000, 0x00000000c7780000, 0x00000000eab00000)
  object space 122368K, 97% used [0x00000000c0000000,0x00000000c743d6a0,0x00000000c7780000)
 Metaspace       used 91130K, committed 92416K, reserved 1179648K
  class space    used 8970K, committed 9536K, reserved 1048576K
}
Event: 2947.629 GC heap after
{Heap after GC invocations=8574 (full 255):
 PSYoungGen      total 3584K, used 1504K [0x00000000eab00000, 0x00000000eb100000, 0x0000000100000000)
  eden space 2048K, 0% used [0x00000000eab00000,0x00000000eab00000,0x00000000ead00000)
  from space 1536K, 97% used [0x00000000eaf80000,0x00000000eb0f8000,0x00000000eb100000)
  to   space 2048K, 0% used [0x00000000ead00000,0x00000000ead00000,0x00000000eaf00000)
 ParOldGen       total 122368K, used 120522K [0x00000000c0000000, 0x00000000c7780000, 0x00000000eab00000)
  object space 122368K, 98% used [0x00000000c0000000,0x00000000c75b29c0,0x00000000c7780000)
 Metaspace       used 91130K, committed 92416K, reserved 1179648K
  class space    used 8970K, committed 9536K, reserved 1048576K
}
Event: 2947.632 GC heap before
{Heap before GC invocations=8575 (full 255):
 PSYoungGen      total 3584K, used 3552K [0x00000000eab00000, 0x00000000eb100000, 0x0000000100000000)
  eden space 2048K, 100% used [0x00000000eab00000,0x00000000ead00000,0x00000000ead00000)
  from space 1536K, 97% used [0x00000000eaf80000,0x00000000eb0f8000,0x00000000eb100000)
  to   space 2048K, 0% used [0x00000000ead00000,0x00000000ead00000,0x00000000eaf00000)
 ParOldGen       total 122368K, used 120522K [0x00000000c0000000, 0x00000000c7780000, 0x00000000eab00000)
  object space 122368K, 98% used [0x00000000c0000000,0x00000000c75b29c0,0x00000000c7780000)
 Metaspace       used 91130K, committed 92416K, reserved 1179648K
  class space    used 8970K, committed 9536K, reserved 1048576K
}
Event: 2947.635 GC heap after
{Heap after GC invocations=8575 (full 255):
 PSYoungGen      total 4096K, used 2048K [0x00000000eab00000, 0x00000000eb580000, 0x0000000100000000)
  eden space 2048K, 0% used [0x00000000eab00000,0x00000000eab00000,0x00000000ead00000)
  from space 2048K, 100% used [0x00000000ead00000,0x00000000eaf00000,0x00000000eaf00000)
  to   space 4096K, 0% used [0x00000000eb180000,0x00000000eb180000,0x00000000eb580000)
 ParOldGen       total 122368K, used 121914K [0x00000000c0000000, 0x00000000c7780000, 0x00000000eab00000)
  object space 122368K, 99% used [0x00000000c0000000,0x00000000c770e9c0,0x00000000c7780000)
 Metaspace       used 91130K, committed 92416K, reserved 1179648K
  class space    used 8970K, committed 9536K, reserved 1048576K
}
Event: 2947.635 GC heap before
{Heap before GC invocations=8576 (full 256):
 PSYoungGen      total 4096K, used 2048K [0x00000000eab00000, 0x00000000eb580000, 0x0000000100000000)
  eden space 2048K, 0% used [0x00000000eab00000,0x00000000eab00000,0x00000000ead00000)
  from space 2048K, 100% used [0x00000000ead00000,0x00000000eaf00000,0x00000000eaf00000)
  to   space 4096K, 0% used [0x00000000eb180000,0x00000000eb180000,0x00000000eb580000)
 ParOldGen       total 122368K, used 121914K [0x00000000c0000000, 0x00000000c7780000, 0x00000000eab00000)
  object space 122368K, 99% used [0x00000000c0000000,0x00000000c770e9c0,0x00000000c7780000)
 Metaspace       used 91130K, committed 92416K, reserved 1179648K
  class space    used 8970K, committed 9536K, reserved 1048576K
}
Event: 2947.721 GC heap after
{Heap after GC invocations=8576 (full 256):
 PSYoungGen      total 6656K, used 0K [0x00000000eab00000, 0x00000000eb580000, 0x0000000100000000)
  eden space 2560K, 0% used [0x00000000eab00000,0x00000000eab00000,0x00000000ead80000)
  from space 4096K, 0% used [0x00000000eb180000,0x00000000eb180000,0x00000000eb580000)
  to   space 4096K, 0% used [0x00000000ead80000,0x00000000ead80000,0x00000000eb180000)
 ParOldGen       total 129536K, used 101245K [0x00000000c0000000, 0x00000000c7e80000, 0x00000000eab00000)
  object space 129536K, 78% used [0x00000000c0000000,0x00000000c62df778,0x00000000c7e80000)
 Metaspace       used 91120K, committed 92416K, reserved 1179648K
  class space    used 8968K, committed 9536K, reserved 1048576K
}
Event: 2947.726 GC heap before
{Heap before GC invocations=8577 (full 256):
 PSYoungGen      total 6656K, used 2560K [0x00000000eab00000, 0x00000000eb580000, 0x0000000100000000)
  eden space 2560K, 100% used [0x00000000eab00000,0x00000000ead80000,0x00000000ead80000)
  from space 4096K, 0% used [0x00000000eb180000,0x00000000eb180000,0x00000000eb580000)
  to   space 4096K, 0% used [0x00000000ead80000,0x00000000ead80000,0x00000000eb180000)
 ParOldGen       total 129536K, used 101245K [0x00000000c0000000, 0x00000000c7e80000, 0x00000000eab00000)
  object space 129536K, 78% used [0x00000000c0000000,0x00000000c62df778,0x00000000c7e80000)
 Metaspace       used 91120K, committed 92416K, reserved 1179648K
  class space    used 8968K, committed 9536K, reserved 1048576K
}
Event: 2947.728 GC heap after
{Heap after GC invocations=8577 (full 256):
 PSYoungGen      total 5632K, used 2624K [0x00000000eab00000, 0x00000000eb400000, 0x0000000100000000)
  eden space 2560K, 0% used [0x00000000eab00000,0x00000000eab00000,0x00000000ead80000)
  from space 3072K, 85% used [0x00000000ead80000,0x00000000eb010000,0x00000000eb080000)
  to   space 3072K, 0% used [0x00000000eb100000,0x00000000eb100000,0x00000000eb400000)
 ParOldGen       total 129536K, used 101245K [0x00000000c0000000, 0x00000000c7e80000, 0x00000000eab00000)
  object space 129536K, 78% used [0x00000000c0000000,0x00000000c62df778,0x00000000c7e80000)
 Metaspace       used 91120K, committed 92416K, reserved 1179648K
  class space    used 8968K, committed 9536K, reserved 1048576K
}

